{
  "RSpec": {
    "coverage": {
      "/Users/vanderhoop/dev/projects/meta_pinger/config/environment.rb": [
        null,
        1,
        null,
        null,
        null,
        null,
        null,
        null,
        null,
        null,
        null,
        null,
        null,
        1
      ],
      "/Users/vanderhoop/dev/projects/meta_pinger/config/application.rb": [
        1,
        null,
        1,
        null,
        1,
        1,
        1,
        null,
        null,
        1,
        null,
        1,
        null,
        null,
        null,
        null,
        1,
        1,
        null,
        null,
        null,
        null,
        null,
        null,
        null,
        null,
        null,
        null,
        null,
        null,
        null,
        null,
        null,
        null,
        null,
        null,
        null,
        null,
        null,
        null,
        null,
        1,
        null,
        1,
        null,
        null,
        null,
        null,
        null,
        null,
        null,
        null,
        null,
        null,
        null,
        null,
        null,
        null,
        1,
        null,
        null,
        1,
        null,
        null,
        1,
        null,
        null,
        null,
        null,
        null,
        null,
        null,
        null,
        null,
        null,
        1,
        null,
        null,
        1,
        null,
        null,
        1,
        null,
        null
      ],
      "/Users/vanderhoop/dev/projects/meta_pinger/config/boot.rb": [
        1,
        null,
        null,
        1,
        null,
        1
      ],
      "/Users/vanderhoop/dev/projects/meta_pinger/config/environments/test.rb": [
        1,
        null,
        null,
        null,
        null,
        null,
        null,
        1,
        null,
        null,
        1,
        1,
        null,
        null,
        1,
        null,
        null,
        1,
        1,
        null,
        null,
        1,
        null,
        null,
        1,
        null,
        null,
        null,
        null,
        1,
        null,
        null,
        1,
        null,
        null,
        1,
        null
      ],
      "/Users/vanderhoop/dev/projects/meta_pinger/config/initializers/backtrace_silencers.rb": [
        null,
        null,
        null,
        null,
        null,
        null,
        null
      ],
      "/Users/vanderhoop/dev/projects/meta_pinger/config/initializers/inflections.rb": [
        null,
        null,
        null,
        null,
        null,
        null,
        null,
        null,
        null,
        null,
        null,
        null,
        null,
        null,
        null
      ],
      "/Users/vanderhoop/dev/projects/meta_pinger/config/initializers/mime_types.rb": [
        null,
        null,
        null,
        null,
        null
      ],
      "/Users/vanderhoop/dev/projects/meta_pinger/config/initializers/secret_token.rb": [
        null,
        null,
        null,
        null,
        null,
        null,
        1
      ],
      "/Users/vanderhoop/dev/projects/meta_pinger/config/initializers/session_store.rb": [
        null,
        null,
        1,
        null,
        null,
        null,
        null,
        null
      ],
      "/Users/vanderhoop/dev/projects/meta_pinger/config/initializers/wrap_parameters.rb": [
        null,
        null,
        null,
        null,
        null,
        null,
        1,
        1,
        null,
        null,
        null,
        1,
        1,
        null
      ],
      "/Users/vanderhoop/dev/projects/meta_pinger/app/controllers/application_controller.rb": [
        1,
        1,
        1,
        6,
        null,
        null,
        1,
        5,
        null,
        null
      ],
      "/Users/vanderhoop/dev/projects/meta_pinger/app/helpers/application_helper.rb": [
        1,
        null,
        null
      ],
      "/Users/vanderhoop/dev/projects/meta_pinger/app/controllers/apps_controller.rb": [
        1,
        null,
        1,
        6,
        null,
        6,
        5,
        5,
        5,
        1,
        1,
        null,
        null,
        4,
        4,
        3,
        1,
        1,
        1,
        null,
        null,
        1,
        1,
        null,
        null,
        null
      ],
      "/Users/vanderhoop/dev/projects/meta_pinger/app/models/app.rb": [
        1,
        1,
        null,
        1,
        null,
        null,
        null,
        null,
        1,
        null,
        null,
        null,
        null,
        null,
        null
      ],
      "/Users/vanderhoop/dev/projects/meta_pinger/app/controllers/welcome_controller.rb": [
        1,
        1,
        null,
        1,
        9,
        null,
        null,
        1,
        3,
        3,
        null,
        null,
        null
      ],
      "/Users/vanderhoop/dev/projects/meta_pinger/config/routes.rb": [
        null,
        null,
        null,
        null,
        null,
        null,
        null,
        1,
        1,
        1,
        1,
        null
      ]
    },
    "timestamp": 1421544247
  }
}
